0 info it worked if it ends with ok
1 verbose cli [ '/home/zioyncom/bin/node',
1 verbose cli   '/home/zioyncom/bin/npm',
1 verbose cli   'install',
1 verbose cli   'node' ]
2 info using npm@2.5.1
3 info using node@v0.12.0
4 warn package.json camel-case@3.0.0 No README data
5 warn package.json copy-descriptor@0.1.1 No README data
6 warn package.json de-indent@1.0.2 No README data
7 warn package.json get-value@2.0.6 No README data
8 warn package.json jest-config@24.9.0 No description
9 warn package.json jest-config@24.9.0 No README data
10 warn package.json jest-diff@24.9.0 No description
11 warn package.json jest-diff@24.9.0 No README data
12 warn package.json jest-get-type@24.9.0 No README data
13 warn package.json jest-environment-jsdom@24.9.0 No description
14 warn package.json jest-environment-jsdom@24.9.0 No README data
15 warn package.json jest-environment-node@24.9.0 No description
16 warn package.json jest-environment-node@24.9.0 No README data
17 warn package.json jest-haste-map@24.9.0 No description
18 warn package.json jest-haste-map@24.9.0 No README data
19 warn package.json jest-jasmine2@24.9.0 No description
20 warn package.json jest-jasmine2@24.9.0 No README data
21 warn package.json jest-matcher-utils@24.9.0 No README data
22 warn package.json jest-message-util@24.9.0 No description
23 warn package.json jest-message-util@24.9.0 No README data
24 warn package.json jest-resolve-dependencies@24.9.0 No description
25 warn package.json jest-resolve-dependencies@24.9.0 No README data
26 warn package.json jest-regex-util@24.9.0 No description
27 warn package.json jest-regex-util@24.9.0 No README data
28 warn package.json jest-runner@24.9.0 No description
29 warn package.json jest-runner@24.9.0 No README data
30 warn package.json jest-resolve@24.9.0 No description
31 warn package.json jest-resolve@24.9.0 No README data
32 warn package.json jest-snapshot@24.9.0 No description
33 warn package.json jest-snapshot@24.9.0 No README data
34 warn package.json jest-util@24.9.0 No description
35 warn package.json jest-util@24.9.0 No README data
36 warn package.json jest-watcher@24.9.0 No README data
37 warn package.json jest-runtime@24.9.0 No description
38 warn package.json jest-runtime@24.9.0 No README data
39 warn package.json mamacro@0.0.3 No description
40 warn package.json mamacro@0.0.3 No repository field.
41 warn package.json mamacro@0.0.3 No README data
42 warn package.json object-copy@0.1.0 No README data
43 warn package.json path-is-inside@1.0.2 No README data
44 warn package.json setimmediate@1.0.5 No README data
45 warn package.json static-extend@0.1.2 No README data
46 warn package.json vuetify@2.1.12 No README data
47 warn package.json @coreui/coreui-plugin-npm-postinstall@1.0.2 No README data
48 warn package.json @fortawesome/fontawesome-free@5.11.2 No README data
49 warn package.json @jest/console@24.9.0 No description
50 warn package.json @jest/console@24.9.0 No README data
51 warn package.json @jest/environment@24.9.0 No description
52 warn package.json @jest/environment@24.9.0 No README data
53 warn package.json @jest/reporters@24.9.0 No README data
54 warn package.json @jest/fake-timers@24.9.0 No description
55 warn package.json @jest/fake-timers@24.9.0 No README data
56 warn package.json @jest/test-result@24.9.0 No description
57 warn package.json @jest/test-result@24.9.0 No README data
58 warn package.json @jest/source-map@24.9.0 No description
59 warn package.json @jest/source-map@24.9.0 No README data
60 warn package.json @jest/test-sequencer@24.9.0 No description
61 warn package.json @jest/test-sequencer@24.9.0 No README data
62 warn package.json @jest/transform@24.9.0 No description
63 warn package.json @jest/transform@24.9.0 No README data
64 warn package.json @jest/types@24.9.0 No description
65 warn package.json @jest/types@24.9.0 No README data
66 warn package.json @webassemblyjs/helper-api-error@1.8.5 No repository field.
67 warn package.json @webassemblyjs/helper-api-error@1.8.5 No README data
68 warn package.json @webassemblyjs/helper-buffer@1.8.5 No README data
69 warn package.json @webassemblyjs/helper-code-frame@1.8.5 No description
70 warn package.json @webassemblyjs/helper-code-frame@1.8.5 No README data
71 warn package.json @webassemblyjs/helper-fsm@1.8.5 No repository field.
72 warn package.json @webassemblyjs/helper-fsm@1.8.5 No README data
73 warn package.json @webassemblyjs/helper-module-context@1.8.5 No description
74 warn package.json @webassemblyjs/helper-module-context@1.8.5 No README data
75 warn package.json @webassemblyjs/helper-wasm-bytecode@1.8.5 No README data
76 warn package.json @webassemblyjs/ieee754@1.8.5 No repository field.
77 warn package.json @webassemblyjs/ieee754@1.8.5 No README data
78 warn package.json @webassemblyjs/leb128@1.8.5 No repository field.
79 warn package.json @webassemblyjs/leb128@1.8.5 No README data
80 warn package.json @webassemblyjs/helper-wasm-section@1.8.5 No description
81 warn package.json @webassemblyjs/helper-wasm-section@1.8.5 No README data
82 warn package.json @webassemblyjs/wasm-gen@1.8.5 No README data
83 warn package.json @webassemblyjs/utf8@1.8.5 No README data
84 warn package.json @webassemblyjs/wasm-opt@1.8.5 No description
85 warn package.json @webassemblyjs/wasm-opt@1.8.5 No README data
86 warn package.json assert@1.5.0 assert is also the name of a node core module.
87 warn package.json babel-core@7.0.0-bridge.0 No repository field.
88 warn package.json buffer@4.9.2 buffer is also the name of a node core module.
89 warn package.json datatables.net-bs4@1.10.20 No repository field.
90 warn package.json datatables.net-responsive-bs4@2.2.3 No repository field.
91 warn package.json dotenv-expand@4.2.0 No repository field.
92 warn package.json events@3.0.0 events is also the name of a node core module.
93 warn package.json punycode@2.1.1 punycode is also the name of a node core module.
94 warn package.json querystring@0.2.0 querystring is also the name of a node core module.
95 warn package.json quickselect@2.0.0 No repository field.
96 warn package.json rework-visit@1.0.0 No repository field.
97 warn package.json sharkdown@0.1.1 No repository field.
98 warn package.json string_decoder@1.1.1 string_decoder is also the name of a node core module.
99 warn package.json url@0.11.0 url is also the name of a node core module.
100 warn package.json util@0.11.1 util is also the name of a node core module.
101 warn package.json vue-loader@15.7.2 No repository field.
102 warn package.json @mapbox/geojson-types@1.0.2 No repository field.
103 silly cache add args [ 'node', null ]
104 verbose cache add spec node
105 silly cache add parsed spec { raw: 'node',
105 silly cache add   scope: null,
105 silly cache add   name: 'node',
105 silly cache add   rawSpec: '',
105 silly cache add   spec: '*',
105 silly cache add   type: 'range' }
106 verbose addNamed node@*
107 silly addNamed semver.valid null
108 silly addNamed semver.validRange *
109 silly addNameRange { name: 'node', range: '*', hasData: false }
110 silly mapToRegistry name node
111 silly mapToRegistry using default registry
112 silly mapToRegistry registry https://registry.npmjs.org/
113 silly mapToRegistry uri https://registry.npmjs.org/node
114 verbose addNameRange registry:https://registry.npmjs.org/node not in flight; fetching
115 verbose request uri https://registry.npmjs.org/node
116 verbose request no auth needed
117 info attempt registry request try #1 at 10:23:44 AM
118 verbose request id 030e0f10ee4fa0cd
119 http request GET https://registry.npmjs.org/node
120 http 200 https://registry.npmjs.org/node
121 silly get cb [ 200,
121 silly get   { date: 'Fri, 17 Jan 2020 10:23:44 GMT',
121 silly get     'content-type': 'application/json',
121 silly get     'transfer-encoding': 'chunked',
121 silly get     connection: 'keep-alive',
121 silly get     'set-cookie': [ '__cfduid=d36a2aa73ecbe8e7d525592def8e84c481579256624; expires=Sun, 16-Feb-20 10:23:44 GMT; path=/; domain=.npmjs.org; HttpOnly; SameSite=Lax' ],
121 silly get     'cf-ray': '55679d8e8f1c6b59-LHR',
121 silly get     age: '1225',
121 silly get     'cache-control': 'public, max-age=300',
121 silly get     etag: 'W/"f1b63339e230a8bc909497e0317d74ed"',
121 silly get     'last-modified': 'Thu, 09 Jan 2020 23:26:10 GMT',
121 silly get     vary: 'accept-encoding, accept',
121 silly get     'cf-cache-status': 'HIT',
121 silly get     'expect-ct': 'max-age=604800, report-uri="https://report-uri.cloudflare.com/cdn-cgi/beacon/expect-ct"',
121 silly get     server: 'cloudflare',
121 silly get     'content-encoding': 'gzip' } ]
122 verbose get saving node to /home/zioyncom/.npm/registry.npmjs.org/node/.cache.json
123 silly addNameRange number 2 { name: 'node', range: '*', hasData: true }
124 silly addNameRange versions [ 'node',
124 silly addNameRange   [ '0.0.0',
124 silly addNameRange     '0.1.14',
124 silly addNameRange     '0.1.15',
124 silly addNameRange     '0.1.16',
124 silly addNameRange     '0.1.17',
124 silly addNameRange     '0.1.18',
124 silly addNameRange     '0.1.19',
124 silly addNameRange     '0.1.20',
124 silly addNameRange     '0.1.21',
124 silly addNameRange     '0.1.22',
124 silly addNameRange     '0.1.23',
124 silly addNameRange     '0.1.24',
124 silly addNameRange     '0.1.25',
124 silly addNameRange     '0.1.26',
124 silly addNameRange     '0.1.27',
124 silly addNameRange     '0.1.28',
124 silly addNameRange     '0.1.29',
124 silly addNameRange     '0.1.30',
124 silly addNameRange     '0.1.31',
124 silly addNameRange     '0.1.32',
124 silly addNameRange     '0.1.33',
124 silly addNameRange     '0.1.90',
124 silly addNameRange     '0.1.91',
124 silly addNameRange     '0.1.92',
124 silly addNameRange     '0.1.93',
124 silly addNameRange     '0.1.94',
124 silly addNameRange     '0.1.95',
124 silly addNameRange     '0.1.96',
124 silly addNameRange     '0.1.97',
124 silly addNameRange     '0.1.98',
124 silly addNameRange     '0.1.99',
124 silly addNameRange     '0.1.100',
124 silly addNameRange     '0.1.101',
124 silly addNameRange     '0.1.102',
124 silly addNameRange     '0.1.103',
124 silly addNameRange     '0.1.104',
124 silly addNameRange     '0.2.0',
124 silly addNameRange     '0.2.1',
124 silly addNameRange     '0.2.2',
124 silly addNameRange     '0.2.3',
124 silly addNameRange     '0.2.4',
124 silly addNameRange     '0.2.5',
124 silly addNameRange     '0.2.6',
124 silly addNameRange     '0.3.0',
124 silly addNameRange     '0.3.1',
124 silly addNameRange     '0.3.2',
124 silly addNameRange     '0.3.3',
124 silly addNameRange     '0.3.4',
124 silly addNameRange     '0.3.5',
124 silly addNameRange     '0.3.6',
124 silly addNameRange     '0.3.7',
124 silly addNameRange     '0.3.8',
124 silly addNameRange     '0.4.0',
124 silly addNameRange     '0.4.1',
124 silly addNameRange     '0.4.2',
124 silly addNameRange     '0.4.3',
124 silly addNameRange     '0.4.4',
124 silly addNameRange     '0.4.5',
124 silly addNameRange     '0.4.6',
124 silly addNameRange     '0.4.7',
124 silly addNameRange     '0.4.8',
124 silly addNameRange     '0.4.9',
124 silly addNameRange     '0.4.10',
124 silly addNameRange     '0.4.11',
124 silly addNameRange     '0.4.12',
124 silly addNameRange     '0.5.0',
124 silly addNameRange     '0.5.1',
124 silly addNameRange     '0.5.2',
124 silly addNameRange     '0.5.3',
124 silly addNameRange     '0.5.4',
124 silly addNameRange     '0.5.5',
124 silly addNameRange     '0.5.6',
124 silly addNameRange     '0.5.7',
124 silly addNameRange     '0.5.8',
124 silly addNameRange     '0.5.9',
124 silly addNameRange     '0.5.10',
124 silly addNameRange     '0.6.0',
124 silly addNameRange     '0.6.1',
124 silly addNameRange     '0.6.2',
124 silly addNameRange     '0.6.3',
124 silly addNameRange     '0.6.4',
124 silly addNameRange     '0.6.5',
124 silly addNameRange     '0.6.6',
124 silly addNameRange     '0.6.7',
124 silly addNameRange     '0.6.8',
124 silly addNameRange     '0.6.9',
124 silly addNameRange     '0.6.10',
124 silly addNameRange     '0.6.11',
124 silly addNameRange     '0.6.12',
124 silly addNameRange     '0.6.13',
124 silly addNameRange     '0.6.14',
124 silly addNameRange     '0.6.15',
124 silly addNameRange     '0.6.16',
124 silly addNameRange     '0.6.17',
124 silly addNameRange     '0.6.18',
124 silly addNameRange     '0.6.19',
124 silly addNameRange     '0.6.20',
124 silly addNameRange     '0.6.21',
124 silly addNameRange     '0.7.0',
124 silly addNameRange     '0.7.1',
124 silly addNameRange     '0.7.2',
124 silly addNameRange     '0.7.3',
124 silly addNameRange     '0.7.4',
124 silly addNameRange     '0.7.5',
124 silly addNameRange     '0.7.6',
124 silly addNameRange     '0.7.7',
124 silly addNameRange     '0.7.8',
124 silly addNameRange     '0.7.9',
124 silly addNameRange     '0.7.10',
124 silly addNameRange     '0.7.11',
124 silly addNameRange     '0.7.12',
124 silly addNameRange     '0.8.0',
124 silly addNameRange     '0.8.1',
124 silly addNameRange     '0.8.2',
124 silly addNameRange     '0.8.3',
124 silly addNameRange     '0.8.4',
124 silly addNameRange     '0.8.5',
124 silly addNameRange     '0.8.6',
124 silly addNameRange     '0.8.7',
124 silly addNameRange     '0.8.8',
124 silly addNameRange     '0.8.9',
124 silly addNameRange     '0.8.10',
124 silly addNameRange     '0.8.11',
124 silly addNameRange     '0.8.12',
124 silly addNameRange     '0.8.13',
124 silly addNameRange     '0.8.14',
124 silly addNameRange     '0.8.15',
124 silly addNameRange     '0.8.16',
124 silly addNameRange     '0.8.17',
124 silly addNameRange     '0.8.18',
124 silly addNameRange     '0.8.19',
124 silly addNameRange     '0.8.20',
124 silly addNameRange     '0.8.21',
124 silly addNameRange     '0.8.22',
124 silly addNameRange     '0.8.23',
124 silly addNameRange     '0.8.24',
124 silly addNameRange     '0.8.25',
124 silly addNameRange     '0.8.26',
124 silly addNameRange     '0.8.27',
124 silly addNameRange     '0.8.28',
124 silly addNameRange     '0.9.0',
124 silly addNameRange     '0.9.1',
124 silly addNameRange     '0.9.2',
124 silly addNameRange     '0.9.3',
124 silly addNameRange     '0.9.4',
124 silly addNameRange     '0.9.5',
124 silly addNameRange     '0.9.6',
124 silly addNameRange     '0.9.7',
124 silly addNameRange     '0.9.8',
124 silly addNameRange     '0.9.9',
124 silly addNameRange     '0.9.10',
124 silly addNameRange     '0.9.11',
124 silly addNameRange     '0.9.12',
124 silly addNameRange     '0.10.0',
124 silly addNameRange     '0.10.1',
124 silly addNameRange     '0.10.2',
124 silly addNameRange     '0.10.3',
124 silly addNameRange     '0.10.4',
124 silly addNameRange     '0.10.5',
124 silly addNameRange     '0.10.6',
124 silly addNameRange     '0.10.7',
124 silly addNameRange     '0.10.8',
124 silly addNameRange     '0.10.9',
124 silly addNameRange     '0.10.10',
124 silly addNameRange     '0.10.11',
124 silly addNameRange     '0.10.12',
124 silly addNameRange     '0.10.13',
124 silly addNameRange     '0.10.14',
124 silly addNameRange     '0.10.15',
124 silly addNameRange     '0.10.16',
124 silly addNameRange     '0.10.17',
124 silly addNameRange     '0.10.18',
124 silly addNameRange     '0.10.19',
124 silly addNameRange     '0.10.20',
124 silly addNameRange     '0.10.21',
124 silly addNameRange     '0.10.22',
124 silly addNameRange     '0.10.23',
124 silly addNameRange     '0.10.24',
124 silly addNameRange     '0.10.25',
124 silly addNameRange     '0.10.26',
124 silly addNameRange     '0.10.27',
124 silly addNameRange     '0.10.28',
124 silly addNameRange     '0.10.29',
124 silly addNameRange     '0.10.30',
124 silly addNameRange     '0.10.31',
124 silly addNameRange     '0.10.32',
124 silly addNameRange     '0.10.33',
124 silly addNameRange     '0.10.34',
124 silly addNameRange     '0.10.35',
124 silly addNameRange     '0.10.36',
124 silly addNameRange     '0.10.37',
124 silly addNameRange     '0.10.38',
124 silly addNameRange     '0.10.39',
124 silly addNameRange     '0.10.40',
124 silly addNameRange     '0.10.41',
124 silly addNameRange     '0.10.42',
124 silly addNameRange     '0.10.43',
124 silly addNameRange     '0.10.44',
124 silly addNameRange     '0.10.45',
124 silly addNameRange     '0.10.46',
124 silly addNameRange     '0.10.47',
124 silly addNameRange     '0.10.48',
124 silly addNameRange     '0.11.0',
124 silly addNameRange     '0.11.1',
124 silly addNameRange     '0.11.2',
124 silly addNameRange     '0.11.3',
124 silly addNameRange     '0.11.4',
124 silly addNameRange     '0.11.5',
124 silly addNameRange     '0.11.6',
124 silly addNameRange     '0.11.7',
124 silly addNameRange     '0.11.8',
124 silly addNameRange     '0.11.9',
124 silly addNameRange     '0.11.10',
124 silly addNameRange     '0.11.11',
124 silly addNameRange     '0.11.12',
124 silly addNameRange     '0.11.13',
124 silly addNameRange     '0.11.14',
124 silly addNameRange     '0.11.15',
124 silly addNameRange     '0.11.16',
124 silly addNameRange     '0.12.0',
124 silly addNameRange     '0.12.1',
124 silly addNameRange     '0.12.2',
124 silly addNameRange     '0.12.3',
124 silly addNameRange     '0.12.4',
124 silly addNameRange     '0.12.5',
124 silly addNameRange     '0.12.6',
124 silly addNameRange     '0.12.7',
124 silly addNameRange     '0.12.8',
124 silly addNameRange     '0.12.9',
124 silly addNameRange     '0.12.10',
124 silly addNameRange     '0.12.11',
124 silly addNameRange     '0.12.12',
124 silly addNameRange     '0.12.13',
124 silly addNameRange     '0.12.14',
124 silly addNameRange     '0.12.15',
124 silly addNameRange     '0.12.16',
124 silly addNameRange     '0.12.17',
124 silly addNameRange     '0.12.18',
124 silly addNameRange     '4.0.0',
124 silly addNameRange     '4.1.0',
124 silly addNameRange     '4.1.1',
124 silly addNameRange     '4.1.2',
124 silly addNameRange     '4.2.0',
124 silly addNameRange     '4.2.1',
124 silly addNameRange     '4.2.2',
124 silly addNameRange     '4.2.3',
124 silly addNameRange     '4.2.4',
124 silly addNameRange     '4.2.5',
124 silly addNameRange     '4.2.6',
124 silly addNameRange     '4.3.0',
124 silly addNameRange     '4.3.1',
124 silly addNameRange     '4.3.2',
124 silly addNameRange     '4.4.0',
124 silly addNameRange     '4.4.1',
124 silly addNameRange     '4.4.2',
124 silly addNameRange     '4.4.3',
124 silly addNameRange     '4.4.4',
124 silly addNameRange     '4.4.5',
124 silly addNameRange     '4.4.6',
124 silly addNameRange     '4.4.7',
124 silly addNameRange     '4.5.0',
124 silly addNameRange     '4.6.0',
124 silly addNameRange     '4.6.1',
124 silly addNameRange     '4.6.2',
124 silly addNameRange     '4.7.0',
124 silly addNameRange     '4.7.1',
124 silly addNameRange     '4.7.2',
124 silly addNameRange     '4.7.3',
124 silly addNameRange     '4.8.0',
124 silly addNameRange     '4.8.1',
124 silly addNameRange     '4.8.2',
124 silly addNameRange     '4.8.3',
124 silly addNameRange     '4.8.4',
124 silly addNameRange     '5.0.0',
124 silly addNameRange     '5.1.0',
124 silly addNameRange     '5.1.1',
124 silly addNameRange     '5.2.0',
124 silly addNameRange     '5.3.0',
124 silly addNameRange     '5.4.0',
124 silly addNameRange     '5.4.1',
124 silly addNameRange     '5.5.0',
124 silly addNameRange     '5.6.0',
124 silly addNameRange     '5.7.0',
124 silly addNameRange     '5.7.1',
124 silly addNameRange     '5.8.0',
124 silly addNameRange     '5.9.0',
124 silly addNameRange     '5.9.1',
124 silly addNameRange     '5.10.0',
124 silly addNameRange     '5.10.1',
124 silly addNameRange     '5.11.0',
124 silly addNameRange     '5.11.1',
124 silly addNameRange     '5.12.0',
124 silly addNameRange     '6.0.0',
124 silly addNameRange     '6.1.0',
124 silly addNameRange     '6.2.0',
124 silly addNameRange     '6.2.1',
124 silly addNameRange     '6.2.2',
124 silly addNameRange     '6.3.0',
124 silly addNameRange     '6.3.1',
124 silly addNameRange     '6.4.0',
124 silly addNameRange     '6.5.0',
124 silly addNameRange     '6.6.0',
124 silly addNameRange     '6.7.0',
124 silly addNameRange     '6.8.0',
124 silly addNameRange     '6.8.1',
124 silly addNameRange     '6.9.0',
124 silly addNameRange     '6.9.1',
124 silly addNameRange     '6.9.2',
124 silly addNameRange     '6.9.3',
124 silly addNameRange     '6.9.4',
124 silly addNameRange     '6.9.5',
124 silly addNameRange     '6.10.0',
124 silly addNameRange     '6.10.1',
124 silly addNameRange     '6.10.2',
124 silly addNameRange     '6.10.3',
124 silly addNameRange     '6.11.0',
124 silly addNameRange     '6.11.1',
124 silly addNameRange     '7.0.0',
124 silly addNameRange     '7.1.0',
124 silly addNameRange     '7.2.0',
124 silly addNameRange     '7.2.1',
124 silly addNameRange     '7.3.0',
124 silly addNameRange     '7.4.0',
124 silly addNameRange     '7.5.0',
124 silly addNameRange     '7.6.0',
124 silly addNameRange     '7.7.0',
124 silly addNameRange     '7.7.1',
124 silly addNameRange     '7.7.2',
124 silly addNameRange     '7.7.3',
124 silly addNameRange     '7.7.4',
124 silly addNameRange     '7.8.0',
124 silly addNameRange     '7.9.0',
124 silly addNameRange     '7.10.0',
124 silly addNameRange     '7.10.1',
124 silly addNameRange     '8.0.0',
124 silly addNameRange     '8.1.0',
124 silly addNameRange     '8.1.1',
124 silly addNameRange     '8.1.2',
124 silly addNameRange     '8.1.3',
124 silly addNameRange     '8.1.4',
124 silly addNameRange     '8.2.0',
124 silly addNameRange     '8.2.1',
124 silly addNameRange     '8.3.0',
124 silly addNameRange     '8.4.0',
124 silly addNameRange     '8.5.0',
124 silly addNameRange     '8.6.0',
124 silly addNameRange     '8.7.0',
124 silly addNameRange     '8.8.0',
124 silly addNameRange     '8.8.1',
124 silly addNameRange     '8.9.0',
124 silly addNameRange     '9.0.0',
124 silly addNameRange     '4.8.6',
124 silly addNameRange     '6.12.0',
124 silly addNameRange     '9.1.0',
124 silly addNameRange     '9.2.0',
124 silly addNameRange     '8.9.1',
124 silly addNameRange     '6.12.1',
124 silly addNameRange     '8.9.2',
124 silly addNameRange     '4.8.7',
124 silly addNameRange     '6.12.2',
124 silly addNameRange     '9.3.0',
124 silly addNameRange     '8.9.4',
124 silly addNameRange     '6.12.3',
124 silly addNameRange     '9.4.0',
124 silly addNameRange     '9.5.0',
124 silly addNameRange     '6.13.0',
124 silly addNameRange     '9.7.0',
124 silly addNameRange     '9.6.0',
124 silly addNameRange     '9.6.1',
124 silly addNameRange     '8.10.0',
124 silly addNameRange     '9.8.0',
124 silly addNameRange     '9.9.0',
124 silly addNameRange     '8.11.0',
124 silly addNameRange     '6.14.0',
124 silly addNameRange     '4.9.0',
124 silly addNameRange     '9.10.0',
124 silly addNameRange     '8.11.1',
124 silly addNameRange     '4.9.1',
124 silly addNameRange     '6.14.1',
124 silly addNameRange     '9.10.1',
124 silly addNameRange     '9.11.0',
124 silly addNameRange     '10.0.0',
124 silly addNameRange     '6.14.2',
124 silly addNameRange     '6.11.5',
124 silly addNameRange     '8.11.2',
124 silly addNameRange     '10.1.0',
124 silly addNameRange     '10.2.0',
124 silly addNameRange     '10.3.0',
124 silly addNameRange     '10.4.0',
124 silly addNameRange     '8.11.3',
124 silly addNameRange     '6.14.3',
124 silly addNameRange     '9.11.2',
124 silly addNameRange     '10.4.1',
124 silly addNameRange     '10.5.0',
124 silly addNameRange     '10.6.0',
124 silly addNameRange     '10.7.0',
124 silly addNameRange     '10.8.0',
124 silly addNameRange     '8.11.4',
124 silly addNameRange     '10.9.0',
124 silly addNameRange     '6.14.4',
124 silly addNameRange     '10.10.0',
124 silly addNameRange     '8.12.0',
124 silly addNameRange     '10.11.0',
124 silly addNameRange     '10.12.0',
124 silly addNameRange     '11.0.0',
124 silly addNameRange     '10.13.0',
124 silly addNameRange     '11.1.0',
124 silly addNameRange     '8.13.0',
124 silly addNameRange     '11.2.0',
124 silly addNameRange     '6.15.1',
124 silly addNameRange     '8.14.0',
124 silly addNameRange     '10.14.0',
124 silly addNameRange     '11.3.0',
124 silly addNameRange     '11.4.0',
124 silly addNameRange     '10.14.1',
124 silly addNameRange     '11.5.0',
124 silly addNameRange     '8.14.1',
124 silly addNameRange     '10.14.2',
124 silly addNameRange     '11.6.0',
124 silly addNameRange     '10.15.0',
124 silly addNameRange     '8.15.0',
124 silly addNameRange     '6.16.0',
124 silly addNameRange     '11.7.0',
124 silly addNameRange     '11.8.0',
124 silly addNameRange     '10.15.1',
124 silly addNameRange     '11.9.0',
124 silly addNameRange     '11.10.0',
124 silly addNameRange     '6.17.0',
124 silly addNameRange     '8.15.1',
124 silly addNameRange     '10.15.2',
124 silly addNameRange     '10.15.3',
124 silly addNameRange     '11.11.0',
124 silly addNameRange     '11.12.0',
124 silly addNameRange     '11.13.0',
124 silly addNameRange     '6.17.1',
124 silly addNameRange     '11.14.0',
124 silly addNameRange     '12.0.0',
124 silly addNameRange     '8.16.0',
124 silly addNameRange     '12.1.0',
124 silly addNameRange     '11.15.0',
124 silly addNameRange     '12.2.0',
124 silly addNameRange     '12.3.0',
124 silly addNameRange     '12.3.1',
124 silly addNameRange     '10.16.0',
124 silly addNameRange     '12.4.0',
124 silly addNameRange     '12.5.0',
124 silly addNameRange     '12.6.0',
124 silly addNameRange     '12.7.0',
124 silly addNameRange     '10.16.1',
124 silly addNameRange     '10.16.2',
124 silly addNameRange     '12.8.0',
124 silly addNameRange     '10.16.3',
124 silly addNameRange     '8.16.1',
124 silly addNameRange     '12.8.1',
124 silly addNameRange     '12.9.0',
124 silly addNameRange     '12.9.1',
124 silly addNameRange     '12.10.0',
124 silly addNameRange     '12.11.0',
124 silly addNameRange     '12.11.1',
124 silly addNameRange     '8.16.2',
124 silly addNameRange     '12.12.0',
124 silly addNameRange     '12.13.0',
124 silly addNameRange     '13.0.0',
124 silly addNameRange     '10.17.0',
124 silly addNameRange     '13.0.1',
124 silly addNameRange     '13.1.0',
124 silly addNameRange     '13.2.0',
124 silly addNameRange     '13.3.0',
124 silly addNameRange     '12.13.1',
124 silly addNameRange     '8.17.0',
124 silly addNameRange     '10.18.0',
124 silly addNameRange     '12.14.0',
124 silly addNameRange     '13.4.0',
124 silly addNameRange     '13.5.0',
124 silly addNameRange     '12.14.1',
124 silly addNameRange     '13.6.0',
124 silly addNameRange     '10.18.1' ] ]
125 verbose addNamed node@13.6.0
126 silly addNamed semver.valid 13.6.0
127 silly addNamed semver.validRange 13.6.0
128 silly mapToRegistry name node
129 silly mapToRegistry using default registry
130 silly mapToRegistry registry https://registry.npmjs.org/
131 silly mapToRegistry uri https://registry.npmjs.org/node
132 verbose addRemoteTarball https://registry.npmjs.org/node/-/node-13.6.0.tgz not in flight; adding
133 verbose addRemoteTarball [ 'https://registry.npmjs.org/node/-/node-13.6.0.tgz',
133 verbose addRemoteTarball   '70177a787b8da7973d531b25f13a51992b45be23' ]
134 info retry fetch attempt 1 at 10:23:44 AM
135 info attempt registry request try #1 at 10:23:44 AM
136 http fetch GET https://registry.npmjs.org/node/-/node-13.6.0.tgz
137 http fetch 200 https://registry.npmjs.org/node/-/node-13.6.0.tgz
138 silly fetchAndShaCheck shasum 70177a787b8da7973d531b25f13a51992b45be23
139 verbose addTmpTarball /tmp/npm-1944579-3cf4ca08/registry.npmjs.org/node/-/node-13.6.0.tgz not in flight; adding
140 verbose addTmpTarball already have metadata; skipping unpack for node@13.6.0
141 silly cache afterAdd node@13.6.0
142 verbose afterAdd /home/zioyncom/.npm/node/13.6.0/package/package.json not in flight; writing
143 verbose afterAdd /home/zioyncom/.npm/node/13.6.0/package/package.json written
144 silly install resolved [ { name: 'node',
144 silly install resolved     version: '13.6.0',
144 silly install resolved     description: 'node',
144 silly install resolved     main: 'index.js',
144 silly install resolved     keywords: [ 'runtime' ],
144 silly install resolved     repository:
144 silly install resolved      { type: 'git',
144 silly install resolved        url: 'git+https://github.com/aredridel/node-bin-gen.git' },
144 silly install resolved     scripts: { preinstall: 'node installArchSpecificPackage' },
144 silly install resolved     bin: { node: 'bin/node' },
144 silly install resolved     dependencies: { 'node-bin-setup': '^1.0.0' },
144 silly install resolved     license: 'ISC',
144 silly install resolved     author: '',
144 silly install resolved     engines: { npm: '>=5.0.0' },
144 silly install resolved     bugs: { url: 'https://github.com/aredridel/node-bin-gen/issues' },
144 silly install resolved     homepage: 'https://github.com/aredridel/node-bin-gen#readme',
144 silly install resolved     _id: 'node@13.6.0',
144 silly install resolved     _nodeVersion: '13.5.0',
144 silly install resolved     _npmVersion: '6.13.4',
144 silly install resolved     dist:
144 silly install resolved      { integrity: 'sha512-BBNPppkjbSzXp3H8+oHBTFYUzbBh46u+oRrzU+4TDKtn1AaLnfyemv5KinlUxszP2/i0VVYfmP+hxkCP9wyByQ==',
144 silly install resolved        shasum: '70177a787b8da7973d531b25f13a51992b45be23',
144 silly install resolved        tarball: 'https://registry.npmjs.org/node/-/node-13.6.0.tgz',
144 silly install resolved        fileCount: 3,
144 silly install resolved        unpackedSize: 1483,
144 silly install resolved        'npm-signature': '-----BEGIN PGP SIGNATURE-----\r\nVersion: OpenPGP.js v3.0.4\r\nComment: https://openpgpjs.org\r\n\r\nwsFcBAEBCAAQBQJeF7SlCRA9TVsSAnZWagAADxkQAJJXOboz8h7efwLwJPPg\nzlzh+xizkTizFdRoSh71URfPiCpYFn5XvyvPbqhamNGyXcFXeIZg2JGSmQfB\nzsir2Qbdurbs25bLRmvdP0y2XmD0b3mJqpPFyWOxpGTayfTCQfWKgOWqHmzy\n1tVtCFPvjMQUkHP8CnqSSIpXxjXfCFkZk2JwOm4eWo24QHdAV+Je81A9YJVs\nH0nQdPh157XKrusisKG4FmB6wwr3zekbVy8Xk1fJtvuYrVUFV/59N/KrxU/P\nT/9goDdnC4bG47jLpZWpr1rMqq1xJSqjnJNC0Dlq8ZUvIlt5P/u8x6ObUj53\npNwzgn0I8mS8bFgYxTj0dRlC/+OF0dUQYDM1uve5jv8dzz8CJHJHTEE9Mfkf\nowjt7qGoP0Q79MDct0j14DL8bJa6yXH+3VZxTu45hbvQk82YE1CdpCc3K3O9\n6+Y9BXaNE201swPWcgGC9L93b+Jmho+c2ezktPyb4gAsLIg9/S28GnC5pa/B\nrafP774hUp/7kZU+95pXt0tXvRC9V3XZuPbWD/yDfxjTzy+CGFwMbgdvQpk/\nGP6UZR4qrlVxlxNTeAIPJm6VPQlMLf0ARgd0CjsJkFQbRhKbrilU4XIJWejo\nMy//PO84BLYtkvftFbg1YVEPzYv67fbfNRU1JVeO0eYsVsyHYvg/X3Saw3gL\nX6M0\r\n=Jnrt\r\n-----END PGP SIGNATURE-----\r\n' },
144 silly install resolved     maintainers: [ [Object], [Object] ],
144 silly install resolved     _npmUser: { name: 'aredridel', email: 'aredridel@dinhe.net' },
144 silly install resolved     directories: {},
144 silly install resolved     _npmOperationalInternal:
144 silly install resolved      { host: 's3://npm-registry-packages',
144 silly install resolved        tmp: 'tmp/node_13.6.0_1578611877317_0.3330509176012657' },
144 silly install resolved     _hasShrinkwrap: false,
144 silly install resolved     _shasum: '70177a787b8da7973d531b25f13a51992b45be23',
144 silly install resolved     _resolved: 'https://registry.npmjs.org/node/-/node-13.6.0.tgz',
144 silly install resolved     _from: 'node@*' } ]
145 info install node@13.6.0 into /home/zioyncom/zioyn
146 info installOne node@13.6.0
147 verbose installOne of node to /home/zioyncom/zioyn not in flight; installing
148 verbose lock using /home/zioyncom/.npm/_locks/node-c0b8faf7f7682d61.lock for /home/zioyncom/zioyn/node_modules/node
149 warn engine node@13.6.0: wanted: {"npm":">=5.0.0"} (current: {"node":"0.12.0","npm":"2.5.1"})
150 silly install write writing node 13.6.0 to /home/zioyncom/zioyn/node_modules/node
151 silly cache addNamed cb node@13.6.0
152 verbose unbuild node_modules/node
153 verbose gentlyRm vacuuming /home/zioyncom/zioyn/node_modules/node
154 verbose tar unpack /home/zioyncom/.npm/node/13.6.0/package.tgz
155 verbose tar unpacking to /home/zioyncom/zioyn/node_modules/node
156 verbose gentlyRm vacuuming /home/zioyncom/zioyn/node_modules/node
157 silly gunzTarPerm modes [ '775', '664' ]
158 silly gunzTarPerm extractEntry installArchSpecificPackage.js
159 silly gunzTarPerm modified mode [ 'installArchSpecificPackage.js', 420, 436 ]
160 silly gunzTarPerm extractEntry package.json
161 silly gunzTarPerm modified mode [ 'package.json', 420, 436 ]
162 silly gunzTarPerm extractEntry README.md
163 silly gunzTarPerm modified mode [ 'README.md', 420, 436 ]
164 info preinstall node@13.6.0
165 verbose unsafe-perm in lifecycle true
166 info node@13.6.0 Failed to exec preinstall script
167 verbose unlock done using /home/zioyncom/.npm/_locks/node-c0b8faf7f7682d61.lock for /home/zioyncom/zioyn/node_modules/node
168 verbose stack Error: node@13.6.0 preinstall: `node installArchSpecificPackage`
168 verbose stack Exit status 1
168 verbose stack     at EventEmitter.<anonymous> (/home/zioyncom/nodejs/lib/node_modules/npm/lib/utils/lifecycle.js:213:16)
168 verbose stack     at EventEmitter.emit (events.js:110:17)
168 verbose stack     at ChildProcess.<anonymous> (/home/zioyncom/nodejs/lib/node_modules/npm/lib/utils/spawn.js:14:12)
168 verbose stack     at ChildProcess.emit (events.js:110:17)
168 verbose stack     at maybeClose (child_process.js:1008:16)
168 verbose stack     at Process.ChildProcess._handle.onexit (child_process.js:1080:5)
169 verbose pkgid node@13.6.0
170 verbose cwd /home/zioyncom/zioyn
171 error Linux 3.10.0-962.3.2.lve1.5.25.12.el7.x86_64
172 error argv "/home/zioyncom/bin/node" "/home/zioyncom/bin/npm" "install" "node"
173 error node v0.12.0
174 error npm  v2.5.1
175 error code ELIFECYCLE
176 error node@13.6.0 preinstall: `node installArchSpecificPackage`
176 error Exit status 1
177 error Failed at the node@13.6.0 preinstall script 'node installArchSpecificPackage'.
177 error This is most likely a problem with the node package,
177 error not with npm itself.
177 error Tell the author that this fails on your system:
177 error     node installArchSpecificPackage
177 error You can get their info via:
177 error     npm owner ls node
177 error There is likely additional logging output above.
178 verbose exit [ 1, true ]
179 verbose unbuild node_modules/node
180 info preuninstall node@13.6.0
181 info uninstall node@13.6.0
182 verbose unbuild rmStuff node@13.6.0 from /home/zioyncom/zioyn/node_modules
183 verbose gentlyRm verifying that /home/zioyncom/zioyn is managed by npm
184 silly isManaged /home/zioyncom/zioyn is not inside /home/zioyncom/zioyn/node_modules
185 silly isManaged /home/zioyncom/zioyn is not inside /home/zioyncom/zioyn/node_modules
186 silly isManaged /home/zioyncom/zioyn/node_modules/.bin is inside /home/zioyncom/zioyn
187 silly gentlyRm /home/zioyncom/zioyn is managed by npm
188 silly gentlyRm /home/zioyncom/zioyn/node_modules/.bin/node is under /home/zioyncom/zioyn
189 verbose gentlyRm vacuuming /home/zioyncom/zioyn/node_modules/.bin/node up to /home/zioyncom/zioyn
190 info postuninstall node@13.6.0
191 verbose gentlyRm vacuuming /home/zioyncom/zioyn/node_modules/node
192 silly gentlyRm purging /home/zioyncom/zioyn/node_modules/node
193 silly gentlyRm quitting because other entries in /home/zioyncom/zioyn/node_modules
